Mon Nov 28 19:30:33 CST 2005  [debug] AvalonLogSystem initialized using logfile 'velocity.log'
Mon Nov 28 19:30:33 CST 2005   [info] ************************************************************** 
Mon Nov 28 19:30:33 CST 2005   [info] Starting Jakarta Velocity v1.4
Mon Nov 28 19:30:33 CST 2005   [info] RuntimeInstance initializing.
Mon Nov 28 19:30:33 CST 2005   [info] Default Properties File: org/apache/velocity/runtime/defaults/velocity.properties
Mon Nov 28 19:30:33 CST 2005   [info] Trying to use logger class org.apache.velocity.runtime.log.AvalonLogSystem
Mon Nov 28 19:30:33 CST 2005   [info] Using logger class org.apache.velocity.runtime.log.AvalonLogSystem
Mon Nov 28 19:30:33 CST 2005   [info] Default ResourceManager initializing. (class org.apache.velocity.runtime.resource.ResourceManagerImpl)
Mon Nov 28 19:30:33 CST 2005   [info] Resource Loader Instantiated: org.apache.velocity.runtime.resource.loader.FileResourceLoader
Mon Nov 28 19:30:33 CST 2005   [info] FileResourceLoader : initialization starting.
Mon Nov 28 19:30:33 CST 2005   [info] FileResourceLoader : adding path '/home/eitan/projects/ds/ContactMgr/resources/jws/dynamic'
Mon Nov 28 19:30:33 CST 2005   [info] FileResourceLoader : initialization complete.
Mon Nov 28 19:30:33 CST 2005   [info] ResourceCache : initialized. (class org.apache.velocity.runtime.resource.ResourceCacheImpl)
Mon Nov 28 19:30:33 CST 2005   [info] Default ResourceManager initialization complete.
Mon Nov 28 19:30:33 CST 2005   [info] Loaded System Directive: org.apache.velocity.runtime.directive.Literal
Mon Nov 28 19:30:33 CST 2005   [info] Loaded System Directive: org.apache.velocity.runtime.directive.Macro
Mon Nov 28 19:30:33 CST 2005   [info] Loaded System Directive: org.apache.velocity.runtime.directive.Parse
Mon Nov 28 19:30:33 CST 2005   [info] Loaded System Directive: org.apache.velocity.runtime.directive.Include
Mon Nov 28 19:30:33 CST 2005   [info] Loaded System Directive: org.apache.velocity.runtime.directive.Foreach
Mon Nov 28 19:30:33 CST 2005   [info] Created: 20 parsers.
Mon Nov 28 19:30:33 CST 2005   [info] Velocimacro : initialization starting.
Mon Nov 28 19:30:33 CST 2005   [info] Velocimacro : adding VMs from VM library template : VM_global_library.vm
Mon Nov 28 19:30:33 CST 2005  [error] ResourceManager : unable to find resource 'VM_global_library.vm' in any resource loader.
Mon Nov 28 19:30:33 CST 2005   [info] Velocimacro : error using  VM library template VM_global_library.vm : org.apache.velocity.exception.ResourceNotFoundException: Unable to find resource 'VM_global_library.vm'
Mon Nov 28 19:30:33 CST 2005   [info] Velocimacro :  VM library template macro registration complete.
Mon Nov 28 19:30:33 CST 2005   [info] Velocimacro : allowInline = true : VMs can be defined inline in templates
Mon Nov 28 19:30:33 CST 2005   [info] Velocimacro : allowInlineToOverride = false : VMs defined inline may NOT replace previous VM definitions
Mon Nov 28 19:30:33 CST 2005   [info] Velocimacro : allowInlineLocal = false : VMs defined inline will be  global in scope if allowed.
Mon Nov 28 19:30:33 CST 2005   [info] Velocimacro : messages on  : VM system will output logging messages
Mon Nov 28 19:30:33 CST 2005   [info] Velocimacro : autoload off  : VM system will not automatically reload global library macros
Mon Nov 28 19:30:33 CST 2005   [info] Velocimacro : initialization complete.
Mon Nov 28 19:30:33 CST 2005   [info] Velocity successfully started.
Mon Nov 28 19:30:33 CST 2005   [info] ResourceManager : found project-jnlp.vm with loader org.apache.velocity.runtime.resource.loader.FileResourceLoader
